2023-05-09 13:51:24.199276 - get_headers - args: (), kwargs: {}, result: {'Accept': '*/*', 'Connection': 'keep-alive', 'User-Agent': 'Mozilla/5.0 (Windows NT 10.0; Win64; x64) AppleWebKit/537.36 (KHTML, like Gecko) Chrome/68.0.3440.106 Safari/537.36'}
2023-05-09 13:51:25.345168 - get_headers - args: (), kwargs: {}, result: {'Accept': '*/*', 'Connection': 'keep-alive', 'User-Agent': 'Mozilla/5.0 (Windows NT 10.0; Win64; x64) AppleWebKit/537.36 (KHTML, like Gecko) Chrome/64.0.3282.137 Safari/537.36'}
2023-05-09 13:51:28.094812 - get_info_of_vacancy - args: ('https://spb.hh.ru/vacancy/78838620?from=vacancy_search_list&query=python', 'Москва'), kwargs: {}, result: None
2023-05-09 13:51:30.096108 - get_headers - args: (), kwargs: {}, result: {'Accept': '*/*', 'Connection': 'keep-alive', 'User-Agent': 'Mozilla/5.0 (Windows NT 10.0; Win64; x64) AppleWebKit/537.36 (KHTML, like Gecko) Chrome/67.0.3396.62 Safari/537.36'}
2023-05-09 13:51:32.828912 - get_info_of_vacancy - args: ('https://spb.hh.ru/vacancy/79909048?from=vacancy_search_list&query=python', 'Москва'), kwargs: {}, result: None
2023-05-09 13:51:34.829356 - get_headers - args: (), kwargs: {}, result: {'Accept': '*/*', 'Connection': 'keep-alive', 'User-Agent': 'Mozilla/5.0 (Windows NT 10.0; Win64; x64) AppleWebKit/537.36 (KHTML, like Gecko) Chrome/67.0.3396.62 Safari/537.36'}
2023-05-09 13:51:37.537571 - get_info_of_vacancy - args: ('https://spb.hh.ru/vacancy/79909326?from=vacancy_search_list&query=python', 'Москва'), kwargs: {}, result: None
2023-05-09 13:51:39.539198 - get_headers - args: (), kwargs: {}, result: {'Accept': '*/*', 'Connection': 'keep-alive', 'User-Agent': 'Mozilla/5.0 (Windows NT 10.0; Win64; x64) AppleWebKit/537.36 (KHTML, like Gecko) Chrome/64.0.3282.167 Safari/537.36'}
2023-05-09 13:51:40.275480 - get_info_of_vacancy - args: ('https://spb.hh.ru/vacancy/80032687?from=vacancy_search_list&query=python', 'Москва'), kwargs: {}, result: ['Python разработчик junior', 'Москва', 'от 30 000 до 60 000 руб. на руки', 'amoCRM', 'https://spb.hh.ru/vacancy/80032687?from=vacancy_search_list&query=python']
2023-05-09 13:51:40.275480 - create_json - args: (['Python разработчик junior', 'Москва', 'от 30 000 до 60 000 руб. на руки', 'amoCRM', 'https://spb.hh.ru/vacancy/80032687?from=vacancy_search_list&query=python'],), kwargs: {}, result: None
2023-05-09 13:51:42.276748 - get_headers - args: (), kwargs: {}, result: {'Accept': '*/*', 'Connection': 'keep-alive', 'User-Agent': 'Mozilla/5.0 (Windows NT 6.3) AppleWebKit/537.36 (KHTML, like Gecko) Chrome/63.0.3239.108 Safari/537.36'}
2023-05-09 13:51:42.932631 - get_info_of_vacancy - args: ('https://spb.hh.ru/vacancy/79681180?from=vacancy_search_list&query=python', 'Санкт-Петербург'), kwargs: {}, result: ['Intern / Junior Python backend developer', 'Санкт-Петербург', 'до 60 000 руб. до вычета налогов', 'Рекруто', 'https://spb.hh.ru/vacancy/79681180?from=vacancy_search_list&query=python']
2023-05-09 13:51:42.934036 - create_json - args: (['Intern / Junior Python backend developer', 'Санкт-Петербург', 'до 60 000 руб. до вычета налогов', 'Рекруто', 'https://spb.hh.ru/vacancy/79681180?from=vacancy_search_list&query=python'],), kwargs: {}, result: None
2023-05-09 13:51:44.934454 - get_headers - args: (), kwargs: {}, result: {'Accept': '*/*', 'Connection': 'keep-alive', 'User-Agent': 'Mozilla/5.0 (Windows NT 6.2) AppleWebKit/537.36 (KHTML, like Gecko) Chrome/61.0.3163.79 Safari/537.36'}
2023-05-09 13:51:45.617697 - get_info_of_vacancy - args: ('https://spb.hh.ru/vacancy/80082407?from=vacancy_search_list&query=python', 'Москва'), kwargs: {}, result: ['Python-разработчик (Django, DRF)', 'Москва', 'от 60 000 до 220 000 руб. на руки', 'ООО Фабрика Решений', 'https://spb.hh.ru/vacancy/80082407?from=vacancy_search_list&query=python']
2023-05-09 13:51:45.618698 - create_json - args: (['Python-разработчик (Django, DRF)', 'Москва', 'от 60 000 до 220 000 руб. на руки', 'ООО Фабрика Решений', 'https://spb.hh.ru/vacancy/80082407?from=vacancy_search_list&query=python'],), kwargs: {}, result: None
2023-05-09 13:51:47.619322 - get_headers - args: (), kwargs: {}, result: {'Accept': '*/*', 'Connection': 'keep-alive', 'User-Agent': 'Mozilla/5.0 (Windows NT 10.0; WOW64) AppleWebKit/537.36 (KHTML, like Gecko) Chrome/71.0.3578.80 Safari/537.36'}
2023-05-09 13:51:50.378889 - get_info_of_vacancy - args: ('https://spb.hh.ru/vacancy/79514622?from=vacancy_search_list&query=python', 'Москва'), kwargs: {}, result: None
2023-05-09 13:51:52.379865 - get_headers - args: (), kwargs: {}, result: {'Accept': '*/*', 'Connection': 'keep-alive', 'User-Agent': 'Mozilla/5.0 (Windows NT 10.0; Win64; x64) AppleWebKit/537.36 (KHTML, like Gecko) Chrome/66.0.3359.181 Safari/537.36'}
2023-05-09 13:51:55.256577 - get_info_of_vacancy - args: ('https://spb.hh.ru/vacancy/80010994?from=vacancy_search_list&query=python', 'Санкт-Петербург'), kwargs: {}, result: None
2023-05-09 13:51:57.256789 - get_headers - args: (), kwargs: {}, result: {'Accept': '*/*', 'Connection': 'keep-alive', 'User-Agent': 'Mozilla/5.0 (Windows NT 6.3) AppleWebKit/537.36 (KHTML, like Gecko) Chrome/72.0.3626 Safari/537.36'}
2023-05-09 13:51:59.981482 - get_info_of_vacancy - args: ('https://spb.hh.ru/vacancy/78665689?from=vacancy_search_list&query=python', 'Санкт-Петербург'), kwargs: {}, result: None
2023-05-09 13:52:01.983434 - get_headers - args: (), kwargs: {}, result: {'Accept': '*/*', 'Connection': 'keep-alive', 'User-Agent': 'Mozilla/5.0 (Windows NT 10.0; Win64; x64) AppleWebKit/537.36 (KHTML, like Gecko) Chrome/67.0.3396.79 Safari/537.36'}
2023-05-09 13:52:04.672402 - get_info_of_vacancy - args: ('https://spb.hh.ru/vacancy/79605888?from=vacancy_search_list&query=python', 'Москва'), kwargs: {}, result: None
2023-05-09 13:52:06.673001 - get_headers - args: (), kwargs: {}, result: {'Accept': '*/*', 'Connection': 'keep-alive', 'User-Agent': 'Mozilla/5.0 (Windows NT 10.0; WOW64) AppleWebKit/537.36 (KHTML, like Gecko) Chrome/76.0.3809 Safari/537.36'}
2023-05-09 13:52:09.333392 - get_info_of_vacancy - args: ('https://spb.hh.ru/vacancy/79824456?from=vacancy_search_list&query=python', 'Москва'), kwargs: {}, result: None
2023-05-09 13:52:11.334942 - get_headers - args: (), kwargs: {}, result: {'Accept': '*/*', 'Connection': 'keep-alive', 'User-Agent': 'Mozilla/5.0 (Windows NT 6.1) AppleWebKit/537.36 (KHTML, like Gecko) Chrome/66.0.3359.139 Safari/537.36'}
2023-05-09 13:52:14.001233 - get_info_of_vacancy - args: ('https://spb.hh.ru/vacancy/79971388?from=vacancy_search_list&query=python', 'Санкт-Петербург'), kwargs: {}, result: None
2023-05-09 13:52:16.001806 - get_headers - args: (), kwargs: {}, result: {'Accept': '*/*', 'Connection': 'keep-alive', 'User-Agent': 'Mozilla/5.0 (Windows NT 10.0; WOW64) AppleWebKit/537.36 (KHTML, like Gecko) Chrome/63.0.3239.84 Safari/537.36'}
2023-05-09 13:52:16.717580 - get_info_of_vacancy - args: ('https://spb.hh.ru/vacancy/79382076?from=vacancy_search_list&query=python', 'Москва'), kwargs: {}, result: ['Middle Python-разработчик', 'Москва', 'от 140 000 до 250 000 руб. на руки', 'AERODISK', 'https://spb.hh.ru/vacancy/79382076?from=vacancy_search_list&query=python']
2023-05-09 13:52:16.718580 - create_json - args: (['Middle Python-разработчик', 'Москва', 'от 140 000 до 250 000 руб. на руки', 'AERODISK', 'https://spb.hh.ru/vacancy/79382076?from=vacancy_search_list&query=python'],), kwargs: {}, result: None
2023-05-09 13:52:18.719193 - get_headers - args: (), kwargs: {}, result: {'Accept': '*/*', 'Connection': 'keep-alive', 'User-Agent': 'Mozilla/5.0 (Windows NT 6.0; Win64; x64) AppleWebKit/537.36 (KHTML, like Gecko) Chrome/64.0.3282.186 Safari/537.36'}
2023-05-09 13:52:21.560951 - get_info_of_vacancy - args: ('https://spb.hh.ru/vacancy/71147348?from=vacancy_search_list&query=python', 'Москва'), kwargs: {}, result: None
2023-05-09 13:52:23.562249 - get_headers - args: (), kwargs: {}, result: {'Accept': '*/*', 'Connection': 'keep-alive', 'User-Agent': 'Mozilla/5.0 (Windows NT 10.0; Win64; x64) AppleWebKit/537.36 (KHTML, like Gecko) Chrome/63.0.3239.83 Safari/537.36'}
2023-05-09 13:52:24.325889 - get_info_of_vacancy - args: ('https://spb.hh.ru/vacancy/80189659?from=vacancy_search_list&query=python', 'Москва'), kwargs: {}, result: ['Программист-разработчик Python', 'Москва', 'от 100 000 руб. на руки', 'Фреоникс', 'https://spb.hh.ru/vacancy/80189659?from=vacancy_search_list&query=python']
2023-05-09 13:52:24.325889 - create_json - args: (['Программист-разработчик Python', 'Москва', 'от 100 000 руб. на руки', 'Фреоникс', 'https://spb.hh.ru/vacancy/80189659?from=vacancy_search_list&query=python'],), kwargs: {}, result: None
2023-05-09 13:52:26.326724 - get_headers - args: (), kwargs: {}, result: {'Accept': '*/*', 'Connection': 'keep-alive', 'User-Agent': 'Mozilla/5.0 (Windows NT 6.2) AppleWebKit/537.36 (KHTML, like Gecko) Chrome/64.0.3282.119 Safari/537.36'}
2023-05-09 13:52:29.129746 - get_info_of_vacancy - args: ('https://spb.hh.ru/vacancy/79127417?from=vacancy_search_list&query=python', 'Москва'), kwargs: {}, result: None
2023-05-09 13:52:31.131007 - get_headers - args: (), kwargs: {}, result: {'Accept': '*/*', 'Connection': 'keep-alive', 'User-Agent': 'Mozilla/5.0 (Windows NT 6.2) AppleWebKit/537.36 (KHTML, like Gecko) Chrome/67.0.3396.87 Safari/537.36'}
2023-05-09 13:52:33.867344 - get_info_of_vacancy - args: ('https://spb.hh.ru/vacancy/72216524?from=vacancy_search_list&query=python', 'Москва'), kwargs: {}, result: None
2023-05-09 13:52:35.868145 - get_headers - args: (), kwargs: {}, result: {'Accept': '*/*', 'Connection': 'keep-alive', 'User-Agent': 'Mozilla/5.0 (Windows NT 6.0) AppleWebKit/537.36 (KHTML, like Gecko) Chrome/60.0.3112.113 Safari/537.36'}
2023-05-09 13:52:36.510778 - get_info_of_vacancy - args: ('https://spb.hh.ru/vacancy/79436108?from=vacancy_search_list&query=python', 'Москва'), kwargs: {}, result: ['Python Backend Developer (Backend-разработчик)', 'Москва', 'до 5 000 USD до вычета налогов', 'Piepack.club', 'https://spb.hh.ru/vacancy/79436108?from=vacancy_search_list&query=python']
2023-05-09 13:52:36.510778 - create_json - args: (['Python Backend Developer (Backend-разработчик)', 'Москва', 'до 5 000 USD до вычета налогов', 'Piepack.club', 'https://spb.hh.ru/vacancy/79436108?from=vacancy_search_list&query=python'],), kwargs: {}, result: None
2023-05-09 13:52:38.511804 - get_headers - args: (), kwargs: {}, result: {'Accept': '*/*', 'Connection': 'keep-alive', 'User-Agent': 'Mozilla/5.0 (Windows NT 6.1) AppleWebKit/537.36 (KHTML, like Gecko) Chrome/67.0.3396.62 Safari/537.36'}
2023-05-09 13:52:41.188890 - get_info_of_vacancy - args: ('https://spb.hh.ru/vacancy/80196627?from=vacancy_search_list&query=python', 'Москва'), kwargs: {}, result: None
2023-05-09 13:52:43.189216 - get_headers - args: (), kwargs: {}, result: {'Accept': '*/*', 'Connection': 'keep-alive', 'User-Agent': 'Mozilla/5.0 (Windows NT 6.2) AppleWebKit/537.36 (KHTML, like Gecko) Chrome/77.0 Safari/537.36'}
2023-05-09 13:52:43.888336 - get_info_of_vacancy - args: ('https://spb.hh.ru/vacancy/80050718?from=vacancy_search_list&query=python', 'Москва'), kwargs: {}, result: ['Middle разработчик Python / Django', 'Москва', 'от 60 000 до 140 000 руб. на руки', 'ООО РА Дельта', 'https://spb.hh.ru/vacancy/80050718?from=vacancy_search_list&query=python']
2023-05-09 13:52:43.888336 - create_json - args: (['Middle разработчик Python / Django', 'Москва', 'от 60 000 до 140 000 руб. на руки', 'ООО РА Дельта', 'https://spb.hh.ru/vacancy/80050718?from=vacancy_search_list&query=python'],), kwargs: {}, result: None
